# JRE version: Java(TM) SE Runtime Environment (8.0_191-b12) (build 1.8.0_191-b12)
# Java VM: Java HotSpot(TM) 64-Bit Server VM (25.191-b12 mixed mode windows-amd64 compressed oops)
Heap:
 PSYoungGen      total 159232K, used 107294K [0x00000000f5580000, 0x00000000ffc00000, 0x0000000100000000)
  eden space 158720K, 67% used [0x00000000f5580000,0x00000000fbe1f860,0x00000000ff080000)
  from space 512K, 31% used [0x00000000ffb80000,0x00000000ffba8000,0x00000000ffc00000)
  to   space 4096K, 0% used [0x00000000ff400000,0x00000000ff400000,0x00000000ff800000)
 ParOldGen       total 175104K, used 4022K [0x00000000e0000000, 0x00000000eab00000, 0x00000000f5580000)
  object space 175104K, 2% used [0x00000000e0000000,0x00000000e03edb80,0x00000000eab00000)
 Metaspace       used 8875K, capacity 9160K, committed 9344K, reserved 1056768K
  class space    used 1107K, capacity 1140K, committed 1152K, reserved 1048576K
GC Heap History (10 events):
Event: 6.351 GC heap before
{Heap before GC invocations=20 (full 0):
 PSYoungGen      total 167424K, used 162723K [0x00000000f5580000, 0x0000000100000000, 0x0000000100000000)
  eden space 161792K, 100% used [0x00000000f5580000,0x00000000ff380000,0x00000000ff380000)
  from space 5632K, 16% used [0x00000000ff380000,0x00000000ff468d70,0x00000000ff900000)
  to   space 5632K, 0% used [0x00000000ffa80000,0x00000000ffa80000,0x0000000100000000)
 ParOldGen       total 175104K, used 3307K [0x00000000e0000000, 0x00000000eab00000, 0x00000000f5580000)
  object space 175104K, 1% used [0x00000000e0000000,0x00000000e033ae10,0x00000000eab00000)
 Metaspace       used 8875K, capacity 9160K, committed 9344K, reserved 1056768K
  class space    used 1107K, capacity 1140K, committed 1152K, reserved 1048576K
Event: 6.355 GC heap after
Heap after GC invocations=20 (full 0):
 PSYoungGen      total 167936K, used 160K [0x00000000f5580000, 0x00000000fff00000, 0x0000000100000000)
  eden space 163328K, 0% used [0x00000000f5580000,0x00000000f5580000,0x00000000ff500000)
  from space 4608K, 3% used [0x00000000ffa80000,0x00000000ffaa8000,0x00000000fff00000)
  to   space 5120K, 0% used [0x00000000ff500000,0x00000000ff500000,0x00000000ffa00000)
 ParOldGen       total 175104K, used 4014K [0x00000000e0000000, 0x00000000eab00000, 0x00000000f5580000)
  object space 175104K, 2% used [0x00000000e0000000,0x00000000e03ebb80,0x00000000eab00000)
 Metaspace       used 8875K, capacity 9160K, committed 9344K, reserved 1056768K
  class space    used 1107K, capacity 1140K, committed 1152K, reserved 1048576K
}
Event: 6.495 GC heap before
{Heap before GC invocations=21 (full 0):
 PSYoungGen      total 167936K, used 163488K [0x00000000f5580000, 0x00000000fff00000, 0x0000000100000000)
  eden space 163328K, 100% used [0x00000000f5580000,0x00000000ff500000,0x00000000ff500000)
  from space 4608K, 3% used [0x00000000ffa80000,0x00000000ffaa8000,0x00000000fff00000)
  to   space 5120K, 0% used [0x00000000ff500000,0x00000000ff500000,0x00000000ffa00000)
 ParOldGen       total 175104K, used 4014K [0x00000000e0000000, 0x00000000eab00000, 0x00000000f5580000)
  object space 175104K, 2% used [0x00000000e0000000,0x00000000e03ebb80,0x00000000eab00000)
 Metaspace       used 8875K, capacity 9160K, committed 9344K, reserved 1056768K
  class space    used 1107K, capacity 1140K, committed 1152K, reserved 1048576K
Event: 6.496 GC heap after
Heap after GC invocations=21 (full 0):
 PSYoungGen      total 168448K, used 224K [0x00000000f5580000, 0x0000000100000000, 0x0000000100000000)
  eden space 163328K, 0% used [0x00000000f5580000,0x00000000f5580000,0x00000000ff500000)
  from space 5120K, 4% used [0x00000000ff500000,0x00000000ff538000,0x00000000ffa00000)
  to   space 5120K, 0% used [0x00000000ffb00000,0x00000000ffb00000,0x0000000100000000)
 ParOldGen       total 175104K, used 4022K [0x00000000e0000000, 0x00000000eab00000, 0x00000000f5580000)
  object space 175104K, 2% used [0x00000000e0000000,0x00000000e03edb80,0x00000000eab00000)
 Metaspace       used 8875K, capacity 9160K, committed 9344K, reserved 1056768K
  class space    used 1107K, capacity 1140K, committed 1152K, reserved 1048576K
}
Event: 6.630 GC heap before
{Heap before GC invocations=22 (full 0):
 PSYoungGen      total 168448K, used 163552K [0x00000000f5580000, 0x0000000100000000, 0x0000000100000000)
  eden space 163328K, 100% used [0x00000000f5580000,0x00000000ff500000,0x00000000ff500000)
  from space 5120K, 4% used [0x00000000ff500000,0x00000000ff538000,0x00000000ffa00000)
  to   space 5120K, 0% used [0x00000000ffb00000,0x00000000ffb00000,0x0000000100000000)
 ParOldGen       total 175104K, used 4022K [0x00000000e0000000, 0x00000000eab00000, 0x00000000f5580000)
  object space 175104K, 2% used [0x00000000e0000000,0x00000000e03edb80,0x00000000eab00000)
 Metaspace       used 8875K, capacity 9160K, committed 9344K, reserved 1056768K
  class space    used 1107K, capacity 1140K, committed 1152K, reserved 1048576K
Event: 6.631 GC heap after
Heap after GC invocations=22 (full 0):
 PSYoungGen      total 168448K, used 160K [0x00000000f5580000, 0x00000000fff00000, 0x0000000100000000)
  eden space 164352K, 0% used [0x00000000f5580000,0x00000000f5580000,0x00000000ff600000)
  from space 4096K, 3% used [0x00000000ffb00000,0x00000000ffb28000,0x00000000fff00000)
  to   space 4608K, 0% used [0x00000000ff600000,0x00000000ff600000,0x00000000ffa80000)
 ParOldGen       total 175104K, used 4022K [0x00000000e0000000, 0x00000000eab00000, 0x00000000f5580000)
  object space 175104K, 2% used [0x00000000e0000000,0x00000000e03edb80,0x00000000eab00000)
 Metaspace       used 8875K, capacity 9160K, committed 9344K, reserved 1056768K
  class space    used 1107K, capacity 1140K, committed 1152K, reserved 1048576K
}
Event: 6.740 GC heap before
{Heap before GC invocations=23 (full 0):
 PSYoungGen      total 168448K, used 164512K [0x00000000f5580000, 0x00000000fff00000, 0x0000000100000000)
  eden space 164352K, 100% used [0x00000000f5580000,0x00000000ff600000,0x00000000ff600000)
  from space 4096K, 3% used [0x00000000ffb00000,0x00000000ffb28000,0x00000000fff00000)
  to   space 4608K, 0% used [0x00000000ff600000,0x00000000ff600000,0x00000000ffa80000)
 ParOldGen       total 175104K, used 4022K [0x00000000e0000000, 0x00000000eab00000, 0x00000000f5580000)
  object space 175104K, 2% used [0x00000000e0000000,0x00000000e03edb80,0x00000000eab00000)
 Metaspace       used 8875K, capacity 9160K, committed 9344K, reserved 1056768K
  class space    used 1107K, capacity 1140K, committed 1152K, reserved 1048576K
Event: 6.740 GC heap after
Heap after GC invocations=23 (full 0):
 PSYoungGen      total 168960K, used 256K [0x00000000f5580000, 0x0000000100000000, 0x0000000100000000)
  eden space 164352K, 0% used [0x00000000f5580000,0x00000000f5580000,0x00000000ff600000)
  from space 4608K, 5% used [0x00000000ff600000,0x00000000ff640000,0x00000000ffa80000)
  to   space 4608K, 0% used [0x00000000ffb80000,0x00000000ffb80000,0x0000000100000000)
 ParOldGen       total 175104K, used 4022K [0x00000000e0000000, 0x00000000eab00000, 0x00000000f5580000)
  object space 175104K, 2% used [0x00000000e0000000,0x00000000e03edb80,0x00000000eab00000)
 Metaspace       used 8875K, capacity 9160K, committed 9344K, reserved 1056768K
  class space    used 1107K, capacity 1140K, committed 1152K, reserved 1048576K
}
Event: 6.864 GC heap before
{Heap before GC invocations=24 (full 0):
 PSYoungGen      total 168960K, used 164608K [0x00000000f5580000, 0x0000000100000000, 0x0000000100000000)
  eden space 164352K, 100% used [0x00000000f5580000,0x00000000ff600000,0x00000000ff600000)
  from space 4608K, 5% used [0x00000000ff600000,0x00000000ff640000,0x00000000ffa80000)
  to   space 4608K, 0% used [0x00000000ffb80000,0x00000000ffb80000,0x0000000100000000)
 ParOldGen       total 175104K, used 4022K [0x00000000e0000000, 0x00000000eab00000, 0x00000000f5580000)
  object space 175104K, 2% used [0x00000000e0000000,0x00000000e03edb80,0x00000000eab00000)
 Metaspace       used 8875K, capacity 9160K, committed 9344K, reserved 1056768K
  class space    used 1107K, capacity 1140K, committed 1152K, reserved 1048576K
Event: 6.865 GC heap after
Heap after GC invocations=24 (full 0):
 PSYoungGen      total 159232K, used 160K [0x00000000f5580000, 0x00000000ffc00000, 0x0000000100000000)
  eden space 158720K, 0% used [0x00000000f5580000,0x00000000f5580000,0x00000000ff080000)
  from space 512K, 31% used [0x00000000ffb80000,0x00000000ffba8000,0x00000000ffc00000)
  to   space 4096K, 0% used [0x00000000ff400000,0x00000000ff400000,0x00000000ff800000)
 ParOldGen       total 175104K, used 4022K [0x00000000e0000000, 0x00000000eab00000, 0x00000000f5580000)
  object space 175104K, 2% used [0x00000000e0000000,0x00000000e03edb80,0x00000000eab00000)
 Metaspace       used 8875K, capacity 9160K, committed 9344K, reserved 1056768K
  class space    used 1107K, capacity 1140K, committed 1152K, reserved 1048576K
}

